[debug] [2026-06-11T15:21:41.967Z] ----------------------------------------------------------------------
[debug] [2026-06-11T15:21:41.970Z] Command:       C:\Program Files\nodejs\node.exe C:\Users\Mahar\AppData\Roaming\npm\node_modules\firebase-tools\lib\bin\firebase.js init hosting
[debug] [2026-06-11T15:21:41.970Z] CLI Version:   15.20.0
[debug] [2026-06-11T15:21:41.970Z] Platform:      win32
[debug] [2026-06-11T15:21:41.970Z] Node Version:  v26.1.0
[debug] [2026-06-11T15:21:41.970Z] Time:          Thu Jun 11 2026 20:51:41 GMT+0530 (India Standard Time)
[debug] [2026-06-11T15:21:41.971Z] ----------------------------------------------------------------------
[debug] 
[info] 
     ######## #### ########  ######## ########     ###     ######  ########
     ##        ##  ##     ## ##       ##     ##  ##   ##  ##       ##
     ######    ##  ########  ######   ########  #########  ######  ######
     ##        ##  ##    ##  ##       ##     ## ##     ##       ## ##
     ##       #### ##     ## ######## ########  ##     ##  ######  ########

You're about to initialize a Firebase project in this directory:

  E:\Project\ai-research-paper-generator

[info] 
=== Project Setup
[info] 
[info] First, let's associate this project directory with a Firebase project.
[info] You can create multiple project aliases by running firebase use --add, 
[info] 
[debug] [2026-06-11T15:21:53.092Z] > command requires scopes: ["email","openid","https://www.googleapis.com/auth/cloudplatformprojects.readonly","https://www.googleapis.com/auth/firebase","https://www.googleapis.com/auth/cloud-platform"]
[debug] [2026-06-11T15:21:53.093Z] > authorizing via signed-in user (shrusti.k.205@gmail.com)
[debug] [2026-06-11T15:21:53.095Z] Checked if tokens are valid: true, expires at: 1781194393831
[debug] [2026-06-11T15:21:53.096Z] Checked if tokens are valid: true, expires at: 1781194393831
[debug] [2026-06-11T15:21:53.098Z] >>> [apiv2][query] GET https://firebase.googleapis.com/v1beta1/projects pageSize=100
[debug] [2026-06-11T15:21:54.103Z] <<< [apiv2][status] GET https://firebase.googleapis.com/v1beta1/projects 200
[debug] [2026-06-11T15:21:54.104Z] <<< [apiv2][body] GET https://firebase.googleapis.com/v1beta1/projects [omitted]
[info] 
=== Hosting Setup
[debug] [2026-06-11T15:21:55.661Z] Checked if tokens are valid: true, expires at: 1781194393831
[debug] [2026-06-11T15:21:55.662Z] Checked if tokens are valid: true, expires at: 1781194393831
[debug] [2026-06-11T15:21:55.662Z] >>> [apiv2][query] GET https://firebase.googleapis.com/v1beta1/projects/researchgen-ai [none]
[debug] [2026-06-11T15:21:56.041Z] <<< [apiv2][status] GET https://firebase.googleapis.com/v1beta1/projects/researchgen-ai 200
[debug] [2026-06-11T15:21:56.042Z] <<< [apiv2][body] GET https://firebase.googleapis.com/v1beta1/projects/researchgen-ai {"projectId":"researchgen-ai","projectNumber":"400181389765","displayName":"ResearchGen AI","name":"projects/researchgen-ai","resources":{"hostingSite":"researchgen-ai"},"state":"ACTIVE","etag":"1_0a38cabd-3585-4701-a63d-158dfb0d0795"}
[info] 
[info] Your public directory is the folder (relative to your project directory) that
[info] will contain Hosting assets to be uploaded with firebase deploy. If you
[info] have a build process for your assets, use your build's output directory.
[info] 
